<?xml version="1.0" encoding="UTF-8"?>
<testsuite name="Cucumber" time="18.957" tests="2" skipped="0" failures="2" errors="0">
<testcase classname="Test login functionality of login OrangeHRM" name="Test valid login" time="12.153">
<failure type="java.lang.AssertionError" message="expected [true] but found [false]">
<![CDATA[java.lang.AssertionError: expected [true] but found [false]
	at org.testng.Assert.fail(Assert.java:111)
	at org.testng.Assert.failNotEquals(Assert.java:1578)
	at org.testng.Assert.assertTrue(Assert.java:57)
	at org.testng.Assert.assertTrue(Assert.java:67)
	at com.StepDefinitions.LoginStepDef.user_enters_user_name_and_password(LoginStepDef.java:23)
	at ?.user enters userName and password(file:///C:/Users/SPUGE/git/cucumberE2E/CucumberProject/src/test/resources/FeatureFiles/LoginFeature.feature:7)
]]>
</failure>
<system-out><![CDATA[
Given user in login page....................................................passed
When user enters userName and password......................................failed
And click the login button..................................................skipped
Then user enter into user dash board........................................skipped
]]></system-out>
</testcase>
<testcase classname="Test login functionality of login OrangeHRM" name="Test valid login1" time="6.314">
<failure type="java.lang.AssertionError" message="expected [true] but found [false]">
<![CDATA[java.lang.AssertionError: expected [true] but found [false]
	at org.testng.Assert.fail(Assert.java:111)
	at org.testng.Assert.failNotEquals(Assert.java:1578)
	at org.testng.Assert.assertTrue(Assert.java:57)
	at org.testng.Assert.assertTrue(Assert.java:67)
	at com.StepDefinitions.LoginStepDef.user_enters_user_name_and_password(LoginStepDef.java:23)
	at ?.user enters userName and password(file:///C:/Users/SPUGE/git/cucumberE2E/CucumberProject/src/test/resources/FeatureFiles/LoginFeature.feature:14)
]]>
</failure>
<system-out><![CDATA[
Given user in login page....................................................passed
When user enters userName and password......................................failed
And click the login button..................................................skipped
Then user enter into user dash board........................................skipped
]]></system-out>
</testcase>
</testsuite>
